[2021-05-22 15:19:41] production.ERROR: No application encryption key has been specified. {"exception":"[object] (Illuminate\\Encryption\\MissingAppKeyException(code: 0): No application encryption key has been specified. at /Users/enzoportable/Documents/pi-mage/git/pi-mage/vendor/laravel/framework/src/Illuminate/Encryption/EncryptionServiceProvider.php:79)
[stacktrace]
#0 /Users/enzoportable/Documents/pi-mage/git/pi-mage/vendor/laravel/framework/src/Illuminate/Support/helpers.php(263): Illuminate\\Encryption\\EncryptionServiceProvider->Illuminate\\Encryption\\{closure}(NULL)
#1 /Users/enzoportable/Documents/pi-mage/git/pi-mage/vendor/laravel/framework/src/Illuminate/Encryption/EncryptionServiceProvider.php(81): tap(NULL, Object(Closure))
#2 /Users/enzoportable/Documents/pi-mage/git/pi-mage/vendor/laravel/framework/src/Illuminate/Encryption/EncryptionServiceProvider.php(60): Illuminate\\Encryption\\EncryptionServiceProvider->key(Array)
#3 /Users/enzoportable/Documents/pi-mage/git/pi-mage/vendor/laravel/framework/src/Illuminate/Encryption/EncryptionServiceProvider.php(32): Illuminate\\Encryption\\EncryptionServiceProvider->parseKey(Array)
#4 /Users/enzoportable/Documents/pi-mage/git/pi-mage/vendor/laravel/framework/src/Illuminate/Container/Container.php(832): Illuminate\\Encryption\\EncryptionServiceProvider->Illuminate\\Encryption\\{closure}(Object(Illuminate\\Foundation\\Application), Array)
#5 /Users/enzoportable/Documents/pi-mage/git/pi-mage/vendor/laravel/framework/src/Illuminate/Container/Container.php(717): Illuminate\\Container\\Container->build(Object(Closure))
#6 /Users/enzoportable/Documents/pi-mage/git/pi-mage/vendor/laravel/framework/src/Illuminate/Foundation/Application.php(841): Illuminate\\Container\\Container->resolve('encrypter', Array, true)
#7 /Users/enzoportable/Documents/pi-mage/git/pi-mage/vendor/laravel/framework/src/Illuminate/Container/Container.php(655): Illuminate\\Foundation\\Application->resolve('encrypter', Array)
#8 /Users/enzoportable/Documents/pi-mage/git/pi-mage/vendor/laravel/framework/src/Illuminate/Foundation/Application.php(826): Illuminate\\Container\\Container->make('encrypter', Array)
#9 /Users/enzoportable/Documents/pi-mage/git/pi-mage/vendor/laravel/framework/src/Illuminate/Container/Container.php(990): Illuminate\\Foundation\\Application->make('encrypter')
#10 /Users/enzoportable/Documents/pi-mage/git/pi-mage/vendor/laravel/framework/src/Illuminate/Container/Container.php(910): Illuminate\\Container\\Container->resolveClass(Object(ReflectionParameter))
#11 /Users/enzoportable/Documents/pi-mage/git/pi-mage/vendor/laravel/framework/src/Illuminate/Container/Container.php(871): Illuminate\\Container\\Container->resolveDependencies(Array)
#12 /Users/enzoportable/Documents/pi-mage/git/pi-mage/vendor/laravel/framework/src/Illuminate/Container/Container.php(717): Illuminate\\Container\\Container->build('App\\\\Http\\\\Middle...')
#13 /Users/enzoportable/Documents/pi-mage/git/pi-mage/vendor/laravel/framework/src/Illuminate/Foundation/Application.php(841): Illuminate\\Container\\Container->resolve('App\\\\Http\\\\Middle...', Array, true)
#14 /Users/enzoportable/Documents/pi-mage/git/pi-mage/vendor/laravel/framework/src/Illuminate/Container/Container.php(655): Illuminate\\Foundation\\Application->resolve('App\\\\Http\\\\Middle...', Array)
#15 /Users/enzoportable/Documents/pi-mage/git/pi-mage/vendor/laravel/framework/src/Illuminate/Foundation/Application.php(826): Illuminate\\Container\\Container->make('App\\\\Http\\\\Middle...', Array)
#16 /Users/enzoportable/Documents/pi-mage/git/pi-mage/vendor/laravel/framework/src/Illuminate/Pipeline/Pipeline.php(156): Illuminate\\Foundation\\Application->make('App\\\\Http\\\\Middle...')
#17 /Users/enzoportable/Documents/pi-mage/git/pi-mage/vendor/laravel/framework/src/Illuminate/Pipeline/Pipeline.php(103): Illuminate\\Pipeline\\Pipeline->Illuminate\\Pipeline\\{closure}(Object(Illuminate\\Http\\Request))
#18 /Users/enzoportable/Documents/pi-mage/git/pi-mage/vendor/laravel/framework/src/Illuminate/Routing/Router.php(697): Illuminate\\Pipeline\\Pipeline->then(Object(Closure))
#19 /Users/enzoportable/Documents/pi-mage/git/pi-mage/vendor/laravel/framework/src/Illuminate/Routing/Router.php(672): Illuminate\\Routing\\Router->runRouteWithinStack(Object(Illuminate\\Routing\\Route), Object(Illuminate\\Http\\Request))
#20 /Users/enzoportable/Documents/pi-mage/git/pi-mage/vendor/laravel/framework/src/Illuminate/Routing/Router.php(636): Illuminate\\Routing\\Router->runRoute(Object(Illuminate\\Http\\Request), Object(Illuminate\\Routing\\Route))
#21 /Users/enzoportable/Documents/pi-mage/git/pi-mage/vendor/laravel/framework/src/Illuminate/Routing/Router.php(625): Illuminate\\Routing\\Router->dispatchToRoute(Object(Illuminate\\Http\\Request))
#22 /Users/enzoportable/Documents/pi-mage/git/pi-mage/vendor/laravel/framework/src/Illuminate/Foundation/Http/Kernel.php(166): Illuminate\\Routing\\Router->dispatch(Object(Illuminate\\Http\\Request))
#23 /Users/enzoportable/Documents/pi-mage/git/pi-mage/vendor/laravel/framework/src/Illuminate/Pipeline/Pipeline.php(128): Illuminate\\Foundation\\Http\\Kernel->Illuminate\\Foundation\\Http\\{closure}(Object(Illuminate\\Http\\Request))
#24 /Users/enzoportable/Documents/pi-mage/git/pi-mage/vendor/laravel/framework/src/Illuminate/Foundation/Http/Middleware/TransformsRequest.php(21): Illuminate\\Pipeline\\Pipeline->Illuminate\\Pipeline\\{closure}(Object(Illuminate\\Http\\Request))
#25 /Users/enzoportable/Documents/pi-mage/git/pi-mage/vendor/laravel/framework/src/Illuminate/Foundation/Http/Middleware/ConvertEmptyStringsToNull.php(31): Illuminate\\Foundation\\Http\\Middleware\\TransformsRequest->handle(Object(Illuminate\\Http\\Request), Object(Closure))
#26 /Users/enzoportable/Documents/pi-mage/git/pi-mage/vendor/laravel/framework/src/Illuminate/Pipeline/Pipeline.php(167): Illuminate\\Foundation\\Http\\Middleware\\ConvertEmptyStringsToNull->handle(Object(Illuminate\\Http\\Request), Object(Closure))
#27 /Users/enzoportable/Documents/pi-mage/git/pi-mage/vendor/laravel/framework/src/Illuminate/Foundation/Http/Middleware/TransformsRequest.php(21): Illuminate\\Pipeline\\Pipeline->Illuminate\\Pipeline\\{closure}(Object(Illuminate\\Http\\Request))
#28 /Users/enzoportable/Documents/pi-mage/git/pi-mage/vendor/laravel/framework/src/Illuminate/Foundation/Http/Middleware/TrimStrings.php(40): Illuminate\\Foundation\\Http\\Middleware\\TransformsRequest->handle(Object(Illuminate\\Http\\Request), Object(Closure))
#29 /Users/enzoportable/Documents/pi-mage/git/pi-mage/vendor/laravel/framework/src/Illuminate/Pipeline/Pipeline.php(167): Illuminate\\Foundation\\Http\\Middleware\\TrimStrings->handle(Object(Illuminate\\Http\\Request), Object(Closure))
#30 /Users/enzoportable/Documents/pi-mage/git/pi-mage/vendor/laravel/framework/src/Illuminate/Foundation/Http/Middleware/ValidatePostSize.php(27): Illuminate\\Pipeline\\Pipeline->Illuminate\\Pipeline\\{closure}(Object(Illuminate\\Http\\Request))
#31 /Users/enzoportable/Documents/pi-mage/git/pi-mage/vendor/laravel/framework/src/Illuminate/Pipeline/Pipeline.php(167): Illuminate\\Foundation\\Http\\Middleware\\ValidatePostSize->handle(Object(Illuminate\\Http\\Request), Object(Closure))
#32 /Users/enzoportable/Documents/pi-mage/git/pi-mage/vendor/laravel/framework/src/Illuminate/Foundation/Http/Middleware/PreventRequestsDuringMaintenance.php(86): Illuminate\\Pipeline\\Pipeline->Illuminate\\Pipeline\\{closure}(Object(Illuminate\\Http\\Request))
#33 /Users/enzoportable/Documents/pi-mage/git/pi-mage/vendor/laravel/framework/src/Illuminate/Pipeline/Pipeline.php(167): Illuminate\\Foundation\\Http\\Middleware\\PreventRequestsDuringMaintenance->handle(Object(Illuminate\\Http\\Request), Object(Closure))
#34 /Users/enzoportable/Documents/pi-mage/git/pi-mage/vendor/fruitcake/laravel-cors/src/HandleCors.php(38): Illuminate\\Pipeline\\Pipeline->Illuminate\\Pipeline\\{closure}(Object(Illuminate\\Http\\Request))
#35 /Users/enzoportable/Documents/pi-mage/git/pi-mage/vendor/laravel/framework/src/Illuminate/Pipeline/Pipeline.php(167): Fruitcake\\Cors\\HandleCors->handle(Object(Illuminate\\Http\\Request), Object(Closure))
#36 /Users/enzoportable/Documents/pi-mage/git/pi-mage/vendor/fideloper/proxy/src/TrustProxies.php(57): Illuminate\\Pipeline\\Pipeline->Illuminate\\Pipeline\\{closure}(Object(Illuminate\\Http\\Request))
#37 /Users/enzoportable/Documents/pi-mage/git/pi-mage/vendor/laravel/framework/src/Illuminate/Pipeline/Pipeline.php(167): Fideloper\\Proxy\\TrustProxies->handle(Object(Illuminate\\Http\\Request), Object(Closure))
#38 /Users/enzoportable/Documents/pi-mage/git/pi-mage/vendor/laravel/framework/src/Illuminate/Pipeline/Pipeline.php(103): Illuminate\\Pipeline\\Pipeline->Illuminate\\Pipeline\\{closure}(Object(Illuminate\\Http\\Request))
#39 /Users/enzoportable/Documents/pi-mage/git/pi-mage/vendor/laravel/framework/src/Illuminate/Foundation/Http/Kernel.php(141): Illuminate\\Pipeline\\Pipeline->then(Object(Closure))
#40 /Users/enzoportable/Documents/pi-mage/git/pi-mage/vendor/laravel/framework/src/Illuminate/Foundation/Http/Kernel.php(110): Illuminate\\Foundation\\Http\\Kernel->sendRequestThroughRouter(Object(Illuminate\\Http\\Request))
#41 /Users/enzoportable/Documents/pi-mage/git/pi-mage/public/index.php(52): Illuminate\\Foundation\\Http\\Kernel->handle(Object(Illuminate\\Http\\Request))
#42 /Users/enzoportable/Documents/pi-mage/git/pi-mage/server.php(21): require_once('/Users/enzoport...')
#43 {main}
"} 
[2021-05-22 15:19:41] production.ERROR: No application encryption key has been specified. {"exception":"[object] (Illuminate\\Encryption\\MissingAppKeyException(code: 0): No application encryption key has been specified. at /Users/enzoportable/Documents/pi-mage/git/pi-mage/vendor/laravel/framework/src/Illuminate/Encryption/EncryptionServiceProvider.php:79)
[stacktrace]
#0 /Users/enzoportable/Documents/pi-mage/git/pi-mage/vendor/laravel/framework/src/Illuminate/Support/helpers.php(263): Illuminate\\Encryption\\EncryptionServiceProvider->Illuminate\\Encryption\\{closure}(NULL)
#1 /Users/enzoportable/Documents/pi-mage/git/pi-mage/vendor/laravel/framework/src/Illuminate/Encryption/EncryptionServiceProvider.php(81): tap(NULL, Object(Closure))
#2 /Users/enzoportable/Documents/pi-mage/git/pi-mage/vendor/laravel/framework/src/Illuminate/Encryption/EncryptionServiceProvider.php(60): Illuminate\\Encryption\\EncryptionServiceProvider->key(Array)
#3 /Users/enzoportable/Documents/pi-mage/git/pi-mage/vendor/laravel/framework/src/Illuminate/Encryption/EncryptionServiceProvider.php(32): Illuminate\\Encryption\\EncryptionServiceProvider->parseKey(Array)
#4 /Users/enzoportable/Documents/pi-mage/git/pi-mage/vendor/laravel/framework/src/Illuminate/Container/Container.php(832): Illuminate\\Encryption\\EncryptionServiceProvider->Illuminate\\Encryption\\{closure}(Object(Illuminate\\Foundation\\Application), Array)
#5 /Users/enzoportable/Documents/pi-mage/git/pi-mage/vendor/laravel/framework/src/Illuminate/Container/Container.php(717): Illuminate\\Container\\Container->build(Object(Closure))
#6 /Users/enzoportable/Documents/pi-mage/git/pi-mage/vendor/laravel/framework/src/Illuminate/Foundation/Application.php(841): Illuminate\\Container\\Container->resolve('encrypter', Array, true)
#7 /Users/enzoportable/Documents/pi-mage/git/pi-mage/vendor/laravel/framework/src/Illuminate/Container/Container.php(655): Illuminate\\Foundation\\Application->resolve('encrypter', Array)
#8 /Users/enzoportable/Documents/pi-mage/git/pi-mage/vendor/laravel/framework/src/Illuminate/Foundation/Application.php(826): Illuminate\\Container\\Container->make('encrypter', Array)
#9 /Users/enzoportable/Documents/pi-mage/git/pi-mage/vendor/laravel/framework/src/Illuminate/Container/Container.php(990): Illuminate\\Foundation\\Application->make('encrypter')
#10 /Users/enzoportable/Documents/pi-mage/git/pi-mage/vendor/laravel/framework/src/Illuminate/Container/Container.php(910): Illuminate\\Container\\Container->resolveClass(Object(ReflectionParameter))
#11 /Users/enzoportable/Documents/pi-mage/git/pi-mage/vendor/laravel/framework/src/Illuminate/Container/Container.php(871): Illuminate\\Container\\Container->resolveDependencies(Array)
#12 /Users/enzoportable/Documents/pi-mage/git/pi-mage/vendor/laravel/framework/src/Illuminate/Container/Container.php(717): Illuminate\\Container\\Container->build('App\\\\Http\\\\Middle...')
#13 /Users/enzoportable/Documents/pi-mage/git/pi-mage/vendor/laravel/framework/src/Illuminate/Foundation/Application.php(841): Illuminate\\Container\\Container->resolve('App\\\\Http\\\\Middle...', Array, true)
#14 /Users/enzoportable/Documents/pi-mage/git/pi-mage/vendor/laravel/framework/src/Illuminate/Container/Container.php(655): Illuminate\\Foundation\\Application->resolve('App\\\\Http\\\\Middle...', Array)
#15 /Users/enzoportable/Documents/pi-mage/git/pi-mage/vendor/laravel/framework/src/Illuminate/Foundation/Application.php(826): Illuminate\\Container\\Container->make('App\\\\Http\\\\Middle...', Array)
#16 /Users/enzoportable/Documents/pi-mage/git/pi-mage/vendor/laravel/framework/src/Illuminate/Foundation/Http/Kernel.php(205): Illuminate\\Foundation\\Application->make('App\\\\Http\\\\Middle...')
#17 /Users/enzoportable/Documents/pi-mage/git/pi-mage/vendor/laravel/framework/src/Illuminate/Foundation/Http/Kernel.php(179): Illuminate\\Foundation\\Http\\Kernel->terminateMiddleware(Object(Illuminate\\Http\\Request), Object(Illuminate\\Http\\Response))
#18 /Users/enzoportable/Documents/pi-mage/git/pi-mage/public/index.php(55): Illuminate\\Foundation\\Http\\Kernel->terminate(Object(Illuminate\\Http\\Request), Object(Illuminate\\Http\\Response))
#19 /Users/enzoportable/Documents/pi-mage/git/pi-mage/server.php(21): require_once('/Users/enzoport...')
#20 {main}
"} 
[2021-05-22 15:20:46] production.ERROR: No application encryption key has been specified. {"exception":"[object] (Illuminate\\Encryption\\MissingAppKeyException(code: 0): No application encryption key has been specified. at /Users/enzoportable/Documents/pi-mage/git/pi-mage/vendor/laravel/framework/src/Illuminate/Encryption/EncryptionServiceProvider.php:79)
[stacktrace]
#0 /Users/enzoportable/Documents/pi-mage/git/pi-mage/vendor/laravel/framework/src/Illuminate/Support/helpers.php(263): Illuminate\\Encryption\\EncryptionServiceProvider->Illuminate\\Encryption\\{closure}(NULL)
#1 /Users/enzoportable/Documents/pi-mage/git/pi-mage/vendor/laravel/framework/src/Illuminate/Encryption/EncryptionServiceProvider.php(81): tap(NULL, Object(Closure))
#2 /Users/enzoportable/Documents/pi-mage/git/pi-mage/vendor/laravel/framework/src/Illuminate/Encryption/EncryptionServiceProvider.php(60): Illuminate\\Encryption\\EncryptionServiceProvider->key(Array)
#3 /Users/enzoportable/Documents/pi-mage/git/pi-mage/vendor/laravel/framework/src/Illuminate/Encryption/EncryptionServiceProvider.php(32): Illuminate\\Encryption\\EncryptionServiceProvider->parseKey(Array)
#4 /Users/enzoportable/Documents/pi-mage/git/pi-mage/vendor/laravel/framework/src/Illuminate/Container/Container.php(832): Illuminate\\Encryption\\EncryptionServiceProvider->Illuminate\\Encryption\\{closure}(Object(Illuminate\\Foundation\\Application), Array)
#5 /Users/enzoportable/Documents/pi-mage/git/pi-mage/vendor/laravel/framework/src/Illuminate/Container/Container.php(717): Illuminate\\Container\\Container->build(Object(Closure))
#6 /Users/enzoportable/Documents/pi-mage/git/pi-mage/vendor/laravel/framework/src/Illuminate/Foundation/Application.php(841): Illuminate\\Container\\Container->resolve('encrypter', Array, true)
#7 /Users/enzoportable/Documents/pi-mage/git/pi-mage/vendor/laravel/framework/src/Illuminate/Container/Container.php(655): Illuminate\\Foundation\\Application->resolve('encrypter', Array)
#8 /Users/enzoportable/Documents/pi-mage/git/pi-mage/vendor/laravel/framework/src/Illuminate/Foundation/Application.php(826): Illuminate\\Container\\Container->make('encrypter', Array)
#9 /Users/enzoportable/Documents/pi-mage/git/pi-mage/vendor/laravel/framework/src/Illuminate/Container/Container.php(990): Illuminate\\Foundation\\Application->make('encrypter')
#10 /Users/enzoportable/Documents/pi-mage/git/pi-mage/vendor/laravel/framework/src/Illuminate/Container/Container.php(910): Illuminate\\Container\\Container->resolveClass(Object(ReflectionParameter))
#11 /Users/enzoportable/Documents/pi-mage/git/pi-mage/vendor/laravel/framework/src/Illuminate/Container/Container.php(871): Illuminate\\Container\\Container->resolveDependencies(Array)
#12 /Users/enzoportable/Documents/pi-mage/git/pi-mage/vendor/laravel/framework/src/Illuminate/Container/Container.php(717): Illuminate\\Container\\Container->build('App\\\\Http\\\\Middle...')
#13 /Users/enzoportable/Documents/pi-mage/git/pi-mage/vendor/laravel/framework/src/Illuminate/Foundation/Application.php(841): Illuminate\\Container\\Container->resolve('App\\\\Http\\\\Middle...', Array, true)
#14 /Users/enzoportable/Documents/pi-mage/git/pi-mage/vendor/laravel/framework/src/Illuminate/Container/Container.php(655): Illuminate\\Foundation\\Application->resolve('App\\\\Http\\\\Middle...', Array)
#15 /Users/enzoportable/Documents/pi-mage/git/pi-mage/vendor/laravel/framework/src/Illuminate/Foundation/Application.php(826): Illuminate\\Container\\Container->make('App\\\\Http\\\\Middle...', Array)
#16 /Users/enzoportable/Documents/pi-mage/git/pi-mage/vendor/laravel/framework/src/Illuminate/Pipeline/Pipeline.php(156): Illuminate\\Foundation\\Application->make('App\\\\Http\\\\Middle...')
#17 /Users/enzoportable/Documents/pi-mage/git/pi-mage/vendor/laravel/framework/src/Illuminate/Pipeline/Pipeline.php(103): Illuminate\\Pipeline\\Pipeline->Illuminate\\Pipeline\\{closure}(Object(Illuminate\\Http\\Request))
#18 /Users/enzoportable/Documents/pi-mage/git/pi-mage/vendor/laravel/framework/src/Illuminate/Routing/Router.php(697): Illuminate\\Pipeline\\Pipeline->then(Object(Closure))
#19 /Users/enzoportable/Documents/pi-mage/git/pi-mage/vendor/laravel/framework/src/Illuminate/Routing/Router.php(672): Illuminate\\Routing\\Router->runRouteWithinStack(Object(Illuminate\\Routing\\Route), Object(Illuminate\\Http\\Request))
#20 /Users/enzoportable/Documents/pi-mage/git/pi-mage/vendor/laravel/framework/src/Illuminate/Routing/Router.php(636): Illuminate\\Routing\\Router->runRoute(Object(Illuminate\\Http\\Request), Object(Illuminate\\Routing\\Route))
#21 /Users/enzoportable/Documents/pi-mage/git/pi-mage/vendor/laravel/framework/src/Illuminate/Routing/Router.php(625): Illuminate\\Routing\\Router->dispatchToRoute(Object(Illuminate\\Http\\Request))
#22 /Users/enzoportable/Documents/pi-mage/git/pi-mage/vendor/laravel/framework/src/Illuminate/Foundation/Http/Kernel.php(166): Illuminate\\Routing\\Router->dispatch(Object(Illuminate\\Http\\Request))
#23 /Users/enzoportable/Documents/pi-mage/git/pi-mage/vendor/laravel/framework/src/Illuminate/Pipeline/Pipeline.php(128): Illuminate\\Foundation\\Http\\Kernel->Illuminate\\Foundation\\Http\\{closure}(Object(Illuminate\\Http\\Request))
#24 /Users/enzoportable/Documents/pi-mage/git/pi-mage/vendor/laravel/framework/src/Illuminate/Foundation/Http/Middleware/TransformsRequest.php(21): Illuminate\\Pipeline\\Pipeline->Illuminate\\Pipeline\\{closure}(Object(Illuminate\\Http\\Request))
#25 /Users/enzoportable/Documents/pi-mage/git/pi-mage/vendor/laravel/framework/src/Illuminate/Foundation/Http/Middleware/ConvertEmptyStringsToNull.php(31): Illuminate\\Foundation\\Http\\Middleware\\TransformsRequest->handle(Object(Illuminate\\Http\\Request), Object(Closure))
#26 /Users/enzoportable/Documents/pi-mage/git/pi-mage/vendor/laravel/framework/src/Illuminate/Pipeline/Pipeline.php(167): Illuminate\\Foundation\\Http\\Middleware\\ConvertEmptyStringsToNull->handle(Object(Illuminate\\Http\\Request), Object(Closure))
#27 /Users/enzoportable/Documents/pi-mage/git/pi-mage/vendor/laravel/framework/src/Illuminate/Foundation/Http/Middleware/TransformsRequest.php(21): Illuminate\\Pipeline\\Pipeline->Illuminate\\Pipeline\\{closure}(Object(Illuminate\\Http\\Request))
#28 /Users/enzoportable/Documents/pi-mage/git/pi-mage/vendor/laravel/framework/src/Illuminate/Foundation/Http/Middleware/TrimStrings.php(40): Illuminate\\Foundation\\Http\\Middleware\\TransformsRequest->handle(Object(Illuminate\\Http\\Request), Object(Closure))
#29 /Users/enzoportable/Documents/pi-mage/git/pi-mage/vendor/laravel/framework/src/Illuminate/Pipeline/Pipeline.php(167): Illuminate\\Foundation\\Http\\Middleware\\TrimStrings->handle(Object(Illuminate\\Http\\Request), Object(Closure))
#30 /Users/enzoportable/Documents/pi-mage/git/pi-mage/vendor/laravel/framework/src/Illuminate/Foundation/Http/Middleware/ValidatePostSize.php(27): Illuminate\\Pipeline\\Pipeline->Illuminate\\Pipeline\\{closure}(Object(Illuminate\\Http\\Request))
#31 /Users/enzoportable/Documents/pi-mage/git/pi-mage/vendor/laravel/framework/src/Illuminate/Pipeline/Pipeline.php(167): Illuminate\\Foundation\\Http\\Middleware\\ValidatePostSize->handle(Object(Illuminate\\Http\\Request), Object(Closure))
#32 /Users/enzoportable/Documents/pi-mage/git/pi-mage/vendor/laravel/framework/src/Illuminate/Foundation/Http/Middleware/PreventRequestsDuringMaintenance.php(86): Illuminate\\Pipeline\\Pipeline->Illuminate\\Pipeline\\{closure}(Object(Illuminate\\Http\\Request))
#33 /Users/enzoportable/Documents/pi-mage/git/pi-mage/vendor/laravel/framework/src/Illuminate/Pipeline/Pipeline.php(167): Illuminate\\Foundation\\Http\\Middleware\\PreventRequestsDuringMaintenance->handle(Object(Illuminate\\Http\\Request), Object(Closure))
#34 /Users/enzoportable/Documents/pi-mage/git/pi-mage/vendor/fruitcake/laravel-cors/src/HandleCors.php(38): Illuminate\\Pipeline\\Pipeline->Illuminate\\Pipeline\\{closure}(Object(Illuminate\\Http\\Request))
#35 /Users/enzoportable/Documents/pi-mage/git/pi-mage/vendor/laravel/framework/src/Illuminate/Pipeline/Pipeline.php(167): Fruitcake\\Cors\\HandleCors->handle(Object(Illuminate\\Http\\Request), Object(Closure))
#36 /Users/enzoportable/Documents/pi-mage/git/pi-mage/vendor/fideloper/proxy/src/TrustProxies.php(57): Illuminate\\Pipeline\\Pipeline->Illuminate\\Pipeline\\{closure}(Object(Illuminate\\Http\\Request))
#37 /Users/enzoportable/Documents/pi-mage/git/pi-mage/vendor/laravel/framework/src/Illuminate/Pipeline/Pipeline.php(167): Fideloper\\Proxy\\TrustProxies->handle(Object(Illuminate\\Http\\Request), Object(Closure))
#38 /Users/enzoportable/Documents/pi-mage/git/pi-mage/vendor/laravel/framework/src/Illuminate/Pipeline/Pipeline.php(103): Illuminate\\Pipeline\\Pipeline->Illuminate\\Pipeline\\{closure}(Object(Illuminate\\Http\\Request))
#39 /Users/enzoportable/Documents/pi-mage/git/pi-mage/vendor/laravel/framework/src/Illuminate/Foundation/Http/Kernel.php(141): Illuminate\\Pipeline\\Pipeline->then(Object(Closure))
#40 /Users/enzoportable/Documents/pi-mage/git/pi-mage/vendor/laravel/framework/src/Illuminate/Foundation/Http/Kernel.php(110): Illuminate\\Foundation\\Http\\Kernel->sendRequestThroughRouter(Object(Illuminate\\Http\\Request))
#41 /Users/enzoportable/Documents/pi-mage/git/pi-mage/public/index.php(52): Illuminate\\Foundation\\Http\\Kernel->handle(Object(Illuminate\\Http\\Request))
#42 /Users/enzoportable/Documents/pi-mage/git/pi-mage/server.php(21): require_once('/Users/enzoport...')
#43 {main}
"} 
[2021-05-22 15:20:46] production.ERROR: No application encryption key has been specified. {"exception":"[object] (Illuminate\\Encryption\\MissingAppKeyException(code: 0): No application encryption key has been specified. at /Users/enzoportable/Documents/pi-mage/git/pi-mage/vendor/laravel/framework/src/Illuminate/Encryption/EncryptionServiceProvider.php:79)
[stacktrace]
#0 /Users/enzoportable/Documents/pi-mage/git/pi-mage/vendor/laravel/framework/src/Illuminate/Support/helpers.php(263): Illuminate\\Encryption\\EncryptionServiceProvider->Illuminate\\Encryption\\{closure}(NULL)
#1 /Users/enzoportable/Documents/pi-mage/git/pi-mage/vendor/laravel/framework/src/Illuminate/Encryption/EncryptionServiceProvider.php(81): tap(NULL, Object(Closure))
#2 /Users/enzoportable/Documents/pi-mage/git/pi-mage/vendor/laravel/framework/src/Illuminate/Encryption/EncryptionServiceProvider.php(60): Illuminate\\Encryption\\EncryptionServiceProvider->key(Array)
#3 /Users/enzoportable/Documents/pi-mage/git/pi-mage/vendor/laravel/framework/src/Illuminate/Encryption/EncryptionServiceProvider.php(32): Illuminate\\Encryption\\EncryptionServiceProvider->parseKey(Array)
#4 /Users/enzoportable/Documents/pi-mage/git/pi-mage/vendor/laravel/framework/src/Illuminate/Container/Container.php(832): Illuminate\\Encryption\\EncryptionServiceProvider->Illuminate\\Encryption\\{closure}(Object(Illuminate\\Foundation\\Application), Array)
#5 /Users/enzoportable/Documents/pi-mage/git/pi-mage/vendor/laravel/framework/src/Illuminate/Container/Container.php(717): Illuminate\\Container\\Container->build(Object(Closure))
#6 /Users/enzoportable/Documents/pi-mage/git/pi-mage/vendor/laravel/framework/src/Illuminate/Foundation/Application.php(841): Illuminate\\Container\\Container->resolve('encrypter', Array, true)
#7 /Users/enzoportable/Documents/pi-mage/git/pi-mage/vendor/laravel/framework/src/Illuminate/Container/Container.php(655): Illuminate\\Foundation\\Application->resolve('encrypter', Array)
#8 /Users/enzoportable/Documents/pi-mage/git/pi-mage/vendor/laravel/framework/src/Illuminate/Foundation/Application.php(826): Illuminate\\Container\\Container->make('encrypter', Array)
#9 /Users/enzoportable/Documents/pi-mage/git/pi-mage/vendor/laravel/framework/src/Illuminate/Container/Container.php(990): Illuminate\\Foundation\\Application->make('encrypter')
#10 /Users/enzoportable/Documents/pi-mage/git/pi-mage/vendor/laravel/framework/src/Illuminate/Container/Container.php(910): Illuminate\\Container\\Container->resolveClass(Object(ReflectionParameter))
#11 /Users/enzoportable/Documents/pi-mage/git/pi-mage/vendor/laravel/framework/src/Illuminate/Container/Container.php(871): Illuminate\\Container\\Container->resolveDependencies(Array)
#12 /Users/enzoportable/Documents/pi-mage/git/pi-mage/vendor/laravel/framework/src/Illuminate/Container/Container.php(717): Illuminate\\Container\\Container->build('App\\\\Http\\\\Middle...')
#13 /Users/enzoportable/Documents/pi-mage/git/pi-mage/vendor/laravel/framework/src/Illuminate/Foundation/Application.php(841): Illuminate\\Container\\Container->resolve('App\\\\Http\\\\Middle...', Array, true)
#14 /Users/enzoportable/Documents/pi-mage/git/pi-mage/vendor/laravel/framework/src/Illuminate/Container/Container.php(655): Illuminate\\Foundation\\Application->resolve('App\\\\Http\\\\Middle...', Array)
#15 /Users/enzoportable/Documents/pi-mage/git/pi-mage/vendor/laravel/framework/src/Illuminate/Foundation/Application.php(826): Illuminate\\Container\\Container->make('App\\\\Http\\\\Middle...', Array)
#16 /Users/enzoportable/Documents/pi-mage/git/pi-mage/vendor/laravel/framework/src/Illuminate/Foundation/Http/Kernel.php(205): Illuminate\\Foundation\\Application->make('App\\\\Http\\\\Middle...')
#17 /Users/enzoportable/Documents/pi-mage/git/pi-mage/vendor/laravel/framework/src/Illuminate/Foundation/Http/Kernel.php(179): Illuminate\\Foundation\\Http\\Kernel->terminateMiddleware(Object(Illuminate\\Http\\Request), Object(Illuminate\\Http\\Response))
#18 /Users/enzoportable/Documents/pi-mage/git/pi-mage/public/index.php(55): Illuminate\\Foundation\\Http\\Kernel->terminate(Object(Illuminate\\Http\\Request), Object(Illuminate\\Http\\Response))
#19 /Users/enzoportable/Documents/pi-mage/git/pi-mage/server.php(21): require_once('/Users/enzoport...')
#20 {main}
"} 
[2021-05-22 15:20:48] production.ERROR: No application encryption key has been specified. {"exception":"[object] (Illuminate\\Encryption\\MissingAppKeyException(code: 0): No application encryption key has been specified. at /Users/enzoportable/Documents/pi-mage/git/pi-mage/vendor/laravel/framework/src/Illuminate/Encryption/EncryptionServiceProvider.php:79)
[stacktrace]
#0 /Users/enzoportable/Documents/pi-mage/git/pi-mage/vendor/laravel/framework/src/Illuminate/Support/helpers.php(263): Illuminate\\Encryption\\EncryptionServiceProvider->Illuminate\\Encryption\\{closure}(NULL)
#1 /Users/enzoportable/Documents/pi-mage/git/pi-mage/vendor/laravel/framework/src/Illuminate/Encryption/EncryptionServiceProvider.php(81): tap(NULL, Object(Closure))
#2 /Users/enzoportable/Documents/pi-mage/git/pi-mage/vendor/laravel/framework/src/Illuminate/Encryption/EncryptionServiceProvider.php(60): Illuminate\\Encryption\\EncryptionServiceProvider->key(Array)
#3 /Users/enzoportable/Documents/pi-mage/git/pi-mage/vendor/laravel/framework/src/Illuminate/Encryption/EncryptionServiceProvider.php(32): Illuminate\\Encryption\\EncryptionServiceProvider->parseKey(Array)
#4 /Users/enzoportable/Documents/pi-mage/git/pi-mage/vendor/laravel/framework/src/Illuminate/Container/Container.php(832): Illuminate\\Encryption\\EncryptionServiceProvider->Illuminate\\Encryption\\{closure}(Object(Illuminate\\Foundation\\Application), Array)
#5 /Users/enzoportable/Documents/pi-mage/git/pi-mage/vendor/laravel/framework/src/Illuminate/Container/Container.php(717): Illuminate\\Container\\Container->build(Object(Closure))
#6 /Users/enzoportable/Documents/pi-mage/git/pi-mage/vendor/laravel/framework/src/Illuminate/Foundation/Application.php(841): Illuminate\\Container\\Container->resolve('encrypter', Array, true)
#7 /Users/enzoportable/Documents/pi-mage/git/pi-mage/vendor/laravel/framework/src/Illuminate/Container/Container.php(655): Illuminate\\Foundation\\Application->resolve('encrypter', Array)
#8 /Users/enzoportable/Documents/pi-mage/git/pi-mage/vendor/laravel/framework/src/Illuminate/Foundation/Application.php(826): Illuminate\\Container\\Container->make('encrypter', Array)
#9 /Users/enzoportable/Documents/pi-mage/git/pi-mage/vendor/laravel/framework/src/Illuminate/Container/Container.php(990): Illuminate\\Foundation\\Application->make('encrypter')
#10 /Users/enzoportable/Documents/pi-mage/git/pi-mage/vendor/laravel/framework/src/Illuminate/Container/Container.php(910): Illuminate\\Container\\Container->resolveClass(Object(ReflectionParameter))
#11 /Users/enzoportable/Documents/pi-mage/git/pi-mage/vendor/laravel/framework/src/Illuminate/Container/Container.php(871): Illuminate\\Container\\Container->resolveDependencies(Array)
#12 /Users/enzoportable/Documents/pi-mage/git/pi-mage/vendor/laravel/framework/src/Illuminate/Container/Container.php(717): Illuminate\\Container\\Container->build('App\\\\Http\\\\Middle...')
#13 /Users/enzoportable/Documents/pi-mage/git/pi-mage/vendor/laravel/framework/src/Illuminate/Foundation/Application.php(841): Illuminate\\Container\\Container->resolve('App\\\\Http\\\\Middle...', Array, true)
#14 /Users/enzoportable/Documents/pi-mage/git/pi-mage/vendor/laravel/framework/src/Illuminate/Container/Container.php(655): Illuminate\\Foundation\\Application->resolve('App\\\\Http\\\\Middle...', Array)
#15 /Users/enzoportable/Documents/pi-mage/git/pi-mage/vendor/laravel/framework/src/Illuminate/Foundation/Application.php(826): Illuminate\\Container\\Container->make('App\\\\Http\\\\Middle...', Array)
#16 /Users/enzoportable/Documents/pi-mage/git/pi-mage/vendor/laravel/framework/src/Illuminate/Pipeline/Pipeline.php(156): Illuminate\\Foundation\\Application->make('App\\\\Http\\\\Middle...')
#17 /Users/enzoportable/Documents/pi-mage/git/pi-mage/vendor/laravel/framework/src/Illuminate/Pipeline/Pipeline.php(103): Illuminate\\Pipeline\\Pipeline->Illuminate\\Pipeline\\{closure}(Object(Illuminate\\Http\\Request))
#18 /Users/enzoportable/Documents/pi-mage/git/pi-mage/vendor/laravel/framework/src/Illuminate/Routing/Router.php(697): Illuminate\\Pipeline\\Pipeline->then(Object(Closure))
#19 /Users/enzoportable/Documents/pi-mage/git/pi-mage/vendor/laravel/framework/src/Illuminate/Routing/Router.php(672): Illuminate\\Routing\\Router->runRouteWithinStack(Object(Illuminate\\Routing\\Route), Object(Illuminate\\Http\\Request))
#20 /Users/enzoportable/Documents/pi-mage/git/pi-mage/vendor/laravel/framework/src/Illuminate/Routing/Router.php(636): Illuminate\\Routing\\Router->runRoute(Object(Illuminate\\Http\\Request), Object(Illuminate\\Routing\\Route))
#21 /Users/enzoportable/Documents/pi-mage/git/pi-mage/vendor/laravel/framework/src/Illuminate/Routing/Router.php(625): Illuminate\\Routing\\Router->dispatchToRoute(Object(Illuminate\\Http\\Request))
#22 /Users/enzoportable/Documents/pi-mage/git/pi-mage/vendor/laravel/framework/src/Illuminate/Foundation/Http/Kernel.php(166): Illuminate\\Routing\\Router->dispatch(Object(Illuminate\\Http\\Request))
#23 /Users/enzoportable/Documents/pi-mage/git/pi-mage/vendor/laravel/framework/src/Illuminate/Pipeline/Pipeline.php(128): Illuminate\\Foundation\\Http\\Kernel->Illuminate\\Foundation\\Http\\{closure}(Object(Illuminate\\Http\\Request))
#24 /Users/enzoportable/Documents/pi-mage/git/pi-mage/vendor/laravel/framework/src/Illuminate/Foundation/Http/Middleware/TransformsRequest.php(21): Illuminate\\Pipeline\\Pipeline->Illuminate\\Pipeline\\{closure}(Object(Illuminate\\Http\\Request))
#25 /Users/enzoportable/Documents/pi-mage/git/pi-mage/vendor/laravel/framework/src/Illuminate/Foundation/Http/Middleware/ConvertEmptyStringsToNull.php(31): Illuminate\\Foundation\\Http\\Middleware\\TransformsRequest->handle(Object(Illuminate\\Http\\Request), Object(Closure))
#26 /Users/enzoportable/Documents/pi-mage/git/pi-mage/vendor/laravel/framework/src/Illuminate/Pipeline/Pipeline.php(167): Illuminate\\Foundation\\Http\\Middleware\\ConvertEmptyStringsToNull->handle(Object(Illuminate\\Http\\Request), Object(Closure))
#27 /Users/enzoportable/Documents/pi-mage/git/pi-mage/vendor/laravel/framework/src/Illuminate/Foundation/Http/Middleware/TransformsRequest.php(21): Illuminate\\Pipeline\\Pipeline->Illuminate\\Pipeline\\{closure}(Object(Illuminate\\Http\\Request))
#28 /Users/enzoportable/Documents/pi-mage/git/pi-mage/vendor/laravel/framework/src/Illuminate/Foundation/Http/Middleware/TrimStrings.php(40): Illuminate\\Foundation\\Http\\Middleware\\TransformsRequest->handle(Object(Illuminate\\Http\\Request), Object(Closure))
#29 /Users/enzoportable/Documents/pi-mage/git/pi-mage/vendor/laravel/framework/src/Illuminate/Pipeline/Pipeline.php(167): Illuminate\\Foundation\\Http\\Middleware\\TrimStrings->handle(Object(Illuminate\\Http\\Request), Object(Closure))
#30 /Users/enzoportable/Documents/pi-mage/git/pi-mage/vendor/laravel/framework/src/Illuminate/Foundation/Http/Middleware/ValidatePostSize.php(27): Illuminate\\Pipeline\\Pipeline->Illuminate\\Pipeline\\{closure}(Object(Illuminate\\Http\\Request))
#31 /Users/enzoportable/Documents/pi-mage/git/pi-mage/vendor/laravel/framework/src/Illuminate/Pipeline/Pipeline.php(167): Illuminate\\Foundation\\Http\\Middleware\\ValidatePostSize->handle(Object(Illuminate\\Http\\Request), Object(Closure))
#32 /Users/enzoportable/Documents/pi-mage/git/pi-mage/vendor/laravel/framework/src/Illuminate/Foundation/Http/Middleware/PreventRequestsDuringMaintenance.php(86): Illuminate\\Pipeline\\Pipeline->Illuminate\\Pipeline\\{closure}(Object(Illuminate\\Http\\Request))
#33 /Users/enzoportable/Documents/pi-mage/git/pi-mage/vendor/laravel/framework/src/Illuminate/Pipeline/Pipeline.php(167): Illuminate\\Foundation\\Http\\Middleware\\PreventRequestsDuringMaintenance->handle(Object(Illuminate\\Http\\Request), Object(Closure))
#34 /Users/enzoportable/Documents/pi-mage/git/pi-mage/vendor/fruitcake/laravel-cors/src/HandleCors.php(38): Illuminate\\Pipeline\\Pipeline->Illuminate\\Pipeline\\{closure}(Object(Illuminate\\Http\\Request))
#35 /Users/enzoportable/Documents/pi-mage/git/pi-mage/vendor/laravel/framework/src/Illuminate/Pipeline/Pipeline.php(167): Fruitcake\\Cors\\HandleCors->handle(Object(Illuminate\\Http\\Request), Object(Closure))
#36 /Users/enzoportable/Documents/pi-mage/git/pi-mage/vendor/fideloper/proxy/src/TrustProxies.php(57): Illuminate\\Pipeline\\Pipeline->Illuminate\\Pipeline\\{closure}(Object(Illuminate\\Http\\Request))
#37 /Users/enzoportable/Documents/pi-mage/git/pi-mage/vendor/laravel/framework/src/Illuminate/Pipeline/Pipeline.php(167): Fideloper\\Proxy\\TrustProxies->handle(Object(Illuminate\\Http\\Request), Object(Closure))
#38 /Users/enzoportable/Documents/pi-mage/git/pi-mage/vendor/laravel/framework/src/Illuminate/Pipeline/Pipeline.php(103): Illuminate\\Pipeline\\Pipeline->Illuminate\\Pipeline\\{closure}(Object(Illuminate\\Http\\Request))
#39 /Users/enzoportable/Documents/pi-mage/git/pi-mage/vendor/laravel/framework/src/Illuminate/Foundation/Http/Kernel.php(141): Illuminate\\Pipeline\\Pipeline->then(Object(Closure))
#40 /Users/enzoportable/Documents/pi-mage/git/pi-mage/vendor/laravel/framework/src/Illuminate/Foundation/Http/Kernel.php(110): Illuminate\\Foundation\\Http\\Kernel->sendRequestThroughRouter(Object(Illuminate\\Http\\Request))
#41 /Users/enzoportable/Documents/pi-mage/git/pi-mage/public/index.php(52): Illuminate\\Foundation\\Http\\Kernel->handle(Object(Illuminate\\Http\\Request))
#42 /Users/enzoportable/Documents/pi-mage/git/pi-mage/server.php(21): require_once('/Users/enzoport...')
#43 {main}
"} 
[2021-05-22 15:20:48] production.ERROR: No application encryption key has been specified. {"exception":"[object] (Illuminate\\Encryption\\MissingAppKeyException(code: 0): No application encryption key has been specified. at /Users/enzoportable/Documents/pi-mage/git/pi-mage/vendor/laravel/framework/src/Illuminate/Encryption/EncryptionServiceProvider.php:79)
[stacktrace]
#0 /Users/enzoportable/Documents/pi-mage/git/pi-mage/vendor/laravel/framework/src/Illuminate/Support/helpers.php(263): Illuminate\\Encryption\\EncryptionServiceProvider->Illuminate\\Encryption\\{closure}(NULL)
#1 /Users/enzoportable/Documents/pi-mage/git/pi-mage/vendor/laravel/framework/src/Illuminate/Encryption/EncryptionServiceProvider.php(81): tap(NULL, Object(Closure))
#2 /Users/enzoportable/Documents/pi-mage/git/pi-mage/vendor/laravel/framework/src/Illuminate/Encryption/EncryptionServiceProvider.php(60): Illuminate\\Encryption\\EncryptionServiceProvider->key(Array)
#3 /Users/enzoportable/Documents/pi-mage/git/pi-mage/vendor/laravel/framework/src/Illuminate/Encryption/EncryptionServiceProvider.php(32): Illuminate\\Encryption\\EncryptionServiceProvider->parseKey(Array)
#4 /Users/enzoportable/Documents/pi-mage/git/pi-mage/vendor/laravel/framework/src/Illuminate/Container/Container.php(832): Illuminate\\Encryption\\EncryptionServiceProvider->Illuminate\\Encryption\\{closure}(Object(Illuminate\\Foundation\\Application), Array)
#5 /Users/enzoportable/Documents/pi-mage/git/pi-mage/vendor/laravel/framework/src/Illuminate/Container/Container.php(717): Illuminate\\Container\\Container->build(Object(Closure))
#6 /Users/enzoportable/Documents/pi-mage/git/pi-mage/vendor/laravel/framework/src/Illuminate/Foundation/Application.php(841): Illuminate\\Container\\Container->resolve('encrypter', Array, true)
#7 /Users/enzoportable/Documents/pi-mage/git/pi-mage/vendor/laravel/framework/src/Illuminate/Container/Container.php(655): Illuminate\\Foundation\\Application->resolve('encrypter', Array)
#8 /Users/enzoportable/Documents/pi-mage/git/pi-mage/vendor/laravel/framework/src/Illuminate/Foundation/Application.php(826): Illuminate\\Container\\Container->make('encrypter', Array)
#9 /Users/enzoportable/Documents/pi-mage/git/pi-mage/vendor/laravel/framework/src/Illuminate/Container/Container.php(990): Illuminate\\Foundation\\Application->make('encrypter')
#10 /Users/enzoportable/Documents/pi-mage/git/pi-mage/vendor/laravel/framework/src/Illuminate/Container/Container.php(910): Illuminate\\Container\\Container->resolveClass(Object(ReflectionParameter))
#11 /Users/enzoportable/Documents/pi-mage/git/pi-mage/vendor/laravel/framework/src/Illuminate/Container/Container.php(871): Illuminate\\Container\\Container->resolveDependencies(Array)
#12 /Users/enzoportable/Documents/pi-mage/git/pi-mage/vendor/laravel/framework/src/Illuminate/Container/Container.php(717): Illuminate\\Container\\Container->build('App\\\\Http\\\\Middle...')
#13 /Users/enzoportable/Documents/pi-mage/git/pi-mage/vendor/laravel/framework/src/Illuminate/Foundation/Application.php(841): Illuminate\\Container\\Container->resolve('App\\\\Http\\\\Middle...', Array, true)
#14 /Users/enzoportable/Documents/pi-mage/git/pi-mage/vendor/laravel/framework/src/Illuminate/Container/Container.php(655): Illuminate\\Foundation\\Application->resolve('App\\\\Http\\\\Middle...', Array)
#15 /Users/enzoportable/Documents/pi-mage/git/pi-mage/vendor/laravel/framework/src/Illuminate/Foundation/Application.php(826): Illuminate\\Container\\Container->make('App\\\\Http\\\\Middle...', Array)
#16 /Users/enzoportable/Documents/pi-mage/git/pi-mage/vendor/laravel/framework/src/Illuminate/Foundation/Http/Kernel.php(205): Illuminate\\Foundation\\Application->make('App\\\\Http\\\\Middle...')
#17 /Users/enzoportable/Documents/pi-mage/git/pi-mage/vendor/laravel/framework/src/Illuminate/Foundation/Http/Kernel.php(179): Illuminate\\Foundation\\Http\\Kernel->terminateMiddleware(Object(Illuminate\\Http\\Request), Object(Illuminate\\Http\\Response))
#18 /Users/enzoportable/Documents/pi-mage/git/pi-mage/public/index.php(55): Illuminate\\Foundation\\Http\\Kernel->terminate(Object(Illuminate\\Http\\Request), Object(Illuminate\\Http\\Response))
#19 /Users/enzoportable/Documents/pi-mage/git/pi-mage/server.php(21): require_once('/Users/enzoport...')
#20 {main}
"} 
